============================= test session starts ==============================
platform linux -- Python 3.12.3, pytest-9.0.3, pluggy-1.6.0 -- /home/arun.singh/parking-app-yolo/venv/bin/python
cachedir: .pytest_cache
metadata: {'Python': '3.12.3', 'Platform': 'Linux-6.17.0-22-generic-x86_64-with-glibc2.39', 'Packages': {'pytest': '9.0.3', 'pluggy': '1.6.0'}, 'Plugins': {'metadata': '3.1.1', 'cov': '7.1.0', 'html': '4.2.0', 'anyio': '4.13.0'}, 'JAVA_HOME': '/home/arun.singh/java17'}
rootdir: /home/arun.singh/parking-app-yolo/parking_app_integration/Backend
configfile: pytest.ini
plugins: metadata-3.1.1, cov-7.1.0, html-4.2.0, anyio-4.13.0
collecting ... collected 166 items

tests/test_admin_api.py::test_admin_registration_by_super_admin PASSED   [  0%]
tests/test_admin_api.py::test_admin_registration_forbidden_for_non_super_admin PASSED [  1%]
tests/test_admin_api.py::test_admin_registration_duplicate_email_phone PASSED [  1%]
tests/test_admin_api.py::test_admin_lot_assignment_flow PASSED           [  2%]
tests/test_admin_api.py::test_vehicle_checkin_flow PASSED                [  3%]
tests/test_admin_api.py::test_vehicle_checkout_flow PASSED               [  3%]
tests/test_admin_api.py::test_vehicle_type_billing_flow PASSED           [  4%]
tests/test_admin_api.py::test_admin_closure_happy_path PASSED            [  4%]
tests/test_admin_api.py::test_admin_closure_duplicate_entry PASSED       [  5%]
tests/test_admin_api.py::test_admin_closure_missing_fields PASSED        [  6%]
tests/test_admin_api.py::test_admin_closure_rbac PASSED                  [  6%]
tests/test_admin_api.py::test_admin_closure_date_filter PASSED           [  7%]
tests/test_auth.py::test_user_registration PASSED                        [  7%]
tests/test_auth.py::test_user_login PASSED                               [  8%]
tests/test_auth.py::test_user_registration_with_role PASSED              [  9%]
tests/test_auth.py::test_login_returns_role PASSED                       [  9%]
tests/test_concurrency.py::TestRaceConditions::test_concurrent_checkin_checkout_operations PASSED [ 10%]
tests/test_concurrency.py::TestConcurrency::test_parallel_user_registrations_with_duplicate_data PASSED [ 10%]
tests/test_concurrency.py::TestConcurrency::test_parallel_duplicate_phone_registrations PASSED [ 11%]
tests/test_concurrency.py::TestConcurrency::test_concurrent_slot_operations_read_only PASSED [ 12%]
tests/test_concurrency.py::TestConcurrency::test_sequential_duplicate_registrations PASSED [ 12%]
tests/test_concurrency.py::TestDataConsistency::test_lock_contention_scenarios PASSED [ 13%]
tests/test_concurrency.py::TestDataConsistency::test_session_isolation_levels_verification PASSED [ 13%]
tests/test_concurrency.py::TestDataConsistency::test_concurrent_read_operations PASSED [ 14%]
tests/test_database_constraints.py::TestUniqueConstraints::test_duplicate_email_across_user_roles PASSED [ 15%]
tests/test_database_constraints.py::TestUniqueConstraints::test_duplicate_phone_across_user_roles PASSED [ 15%]
tests/test_database_constraints.py::TestUniqueConstraints::test_duplicate_vehicle_registration_in_active_sessions PASSED [ 16%]
tests/test_database_constraints.py::TestForeignKeyConstraints::test_orphaned_floor_records_prevention PASSED [ 16%]
tests/test_database_constraints.py::TestForeignKeyConstraints::test_orphaned_row_records_prevention PASSED [ 17%]
tests/test_database_constraints.py::TestForeignKeyConstraints::test_orphaned_slot_records_prevention PASSED [ 18%]
tests/test_database_constraints.py::TestForeignKeyConstraints::test_cascading_delete_operations PASSED [ 18%]
tests/test_database_constraints.py::TestForeignKeyConstraints::test_invalid_reference_id_handling PASSED [ 19%]
tests/test_database_constraints.py::TestCheckConstraints::test_valid_slot_status_values PASSED [ 19%]
tests/test_database_constraints.py::TestCheckConstraints::test_positive_numeric_values_for_capacities PASSED [ 20%]
tests/test_database_constraints.py::TestCheckConstraints::test_positive_numeric_values_for_charges PASSED [ 21%]
tests/test_database_constraints.py::TestCheckConstraints::test_valid_vehicle_type_enumerations PASSED [ 21%]
tests/test_database_constraints.py::TestCheckConstraints::test_date_range_validations PASSED [ 22%]
tests/test_edge_cases.py::TestInputValidation::test_extremely_long_strings PASSED [ 22%]
tests/test_edge_cases.py::TestInputValidation::test_minimum_and_maximum_numeric_boundaries PASSED [ 23%]
tests/test_edge_cases.py::TestInputValidation::test_special_characters_in_various_fields PASSED [ 24%]
tests/test_edge_cases.py::TestInputValidation::test_empty_and_null_values_for_required_fields PASSED [ 24%]
tests/test_edge_cases.py::TestInputValidation::test_unicode_and_international_character_handling PASSED [ 25%]
tests/test_edge_cases.py::TestBusinessLogicBoundaries::test_zero_capacity_parking_lots PASSED [ 25%]
tests/test_edge_cases.py::TestBusinessLogicBoundaries::test_maximum_slot_utilization_scenarios PASSED [ 26%]
tests/test_edge_cases.py::TestBusinessLogicBoundaries::test_time_boundary_conditions PASSED [ 27%]
tests/test_edge_cases.py::TestBusinessLogicBoundaries::test_payment_amount_boundaries PASSED [ 27%]
tests/test_edge_cases.py::TestDataTypeValidation::test_string_fields_accepting_numeric_input PASSED [ 28%]
tests/test_edge_cases.py::TestDataTypeValidation::test_numeric_fields_accepting_string_input PASSED [ 28%]
tests/test_edge_cases.py::TestDataTypeValidation::test_boolean_fields_accepting_various_inputs PASSED [ 29%]
tests/test_error_recovery.py::TestRollbackScenarios::test_failed_multi_step_operations PASSED [ 30%]
tests/test_error_recovery.py::TestRollbackScenarios::test_partial_success_failure_cases PASSED [ 30%]
tests/test_error_recovery.py::TestRollbackScenarios::test_database_connection_failures PASSED [ 31%]
tests/test_error_recovery.py::TestRollbackScenarios::test_constraint_violation_recovery PASSED [ 31%]
tests/test_error_recovery.py::TestGracefulDegradation::test_service_unavailability_handling PASSED [ 32%]
tests/test_error_recovery.py::TestGracefulDegradation::test_resource_exhaustion_scenarios PASSED [ 33%]
tests/test_error_recovery.py::TestGracefulDegradation::test_data_corruption_recovery PASSED [ 33%]
tests/test_error_recovery.py::TestTransactionIntegrity::test_atomic_transactions PASSED [ 34%]
tests/test_error_recovery.py::TestTransactionIntegrity::test_concurrent_transaction_handling PASSED [ 34%]
tests/test_error_recovery.py::TestTransactionIntegrity::test_data_consistency_after_errors PASSED [ 35%]
tests/test_integration.py::TestFullUserWorkflow::test_complete_user_registration_and_parking_workflow PASSED [ 36%]
tests/test_integration.py::TestAdminWorkflow::test_complete_admin_workflow PASSED [ 36%]
tests/test_integration.py::TestIoTIntegration::test_iot_slot_status_update_workflow PASSED [ 37%]
tests/test_integration.py::TestErrorHandling::test_authentication_errors PASSED [ 37%]
tests/test_integration.py::TestErrorHandling::test_data_validation_errors PASSED [ 38%]
tests/test_integration.py::TestErrorHandling::test_duplicate_data_errors PASSED [ 39%]
tests/test_integration.py::TestDatabaseConsistency::test_transaction_rollback_on_error PASSED [ 39%]
tests/test_integration.py::TestDatabaseConsistency::test_concurrent_operations PASSED [ 40%]
tests/test_integration.py::TestPerformanceAndLoad::test_bulk_operations PASSED [ 40%]
tests/test_parking.py::test_create_parking_lot PASSED                    [ 41%]
tests/test_parking.py::test_get_parking_lots PASSED                      [ 42%]
tests/test_parking.py::test_create_floor PASSED                          [ 42%]
tests/test_parking.py::test_create_row PASSED                            [ 43%]
tests/test_parking.py::test_create_slot PASSED                           [ 43%]
tests/test_parking.py::test_get_parking_lot_details_success PASSED       [ 44%]
tests/test_parking.py::test_get_parking_lot_details_with_vehicle_type_filter PASSED [ 45%]
tests/test_parking.py::test_get_parking_lot_details_not_found PASSED     [ 45%]
tests/test_parking.py::test_get_parking_lot_details_24x7_parsing PASSED  [ 46%]
tests/test_parking.py::test_get_parking_lot_details_real_time_availability_accuracy PASSED [ 46%]
tests/test_parking.py::test_get_parking_lot_details_comprehensive_information_accuracy PASSED [ 47%]
tests/test_parking.py::test_get_parking_lot_details_error_handling PASSED [ 48%]
tests/test_parking_nearby.py::TestNearbyParkingLots::test_get_nearby_parking_lots_success PASSED [ 48%]
tests/test_parking_nearby.py::TestNearbyParkingLots::test_get_nearby_parking_lots_with_filters PASSED [ 49%]
tests/test_parking_nearby.py::TestNearbyParkingLots::test_get_nearby_parking_lots_missing_coordinates PASSED [ 50%]
tests/test_parking_nearby.py::TestNearbyParkingLots::test_get_nearby_parking_lots_invalid_radius PASSED [ 50%]
tests/test_parking_nearby.py::TestNearbyParkingLots::test_get_nearby_parking_lots_no_results PASSED [ 51%]
tests/test_parking_nearby.py::TestNearbyParkingLots::test_get_nearby_parking_lots_unauthorized PASSED [ 51%]
tests/test_parking_nearby.py::TestNearbyParkingLots::test_get_nearby_parking_lots_combined_filters PASSED [ 52%]
tests/test_parking_nearby.py::TestNearbyParkingLots::test_get_nearby_parking_lots_vehicle_type_filtering PASSED [ 53%]
tests/test_parking_nearby.py::TestNearbyParkingLots::test_get_nearby_parking_lots_real_time_updates PASSED [ 53%]
tests/test_performance.py::TestBulkOperations::test_mass_user_registration PASSED [ 54%]
tests/test_performance.py::TestBulkOperations::test_bulk_parking_lot_creation PASSED [ 54%]
tests/test_performance.py::TestLoadTesting::test_api_endpoint_response_times_under_load PASSED [ 55%]
tests/test_performance.py::TestLoadTesting::test_database_query_optimization_verification PASSED [ 56%]
tests/test_performance.py::TestLoadTesting::test_memory_usage_during_peak_operations PASSED [ 56%]
tests/test_security.py::TestAuthenticationSecurity::test_jwt_token_security PASSED [ 57%]
tests/test_security.py::TestAuthenticationSecurity::test_token_expiration PASSED [ 57%]
tests/test_security.py::TestAuthenticationSecurity::test_invalid_token_handling PASSED [ 58%]
tests/test_security.py::TestAuthenticationSecurity::test_role_based_access_control PASSED [ 59%]
tests/test_security.py::TestInputValidationSecurity::test_sql_injection_prevention PASSED [ 59%]
tests/test_security.py::TestInputValidationSecurity::test_xss_prevention PASSED [ 60%]
tests/test_security.py::TestInputValidationSecurity::test_input_length_validation PASSED [ 60%]
tests/test_security.py::TestAPISecurity::test_api_key_security PASSED    [ 61%]
tests/test_security.py::TestAPISecurity::test_cors_security PASSED       [ 62%]
tests/test_security.py::TestAPISecurity::test_content_type_validation PASSED [ 62%]
tests/test_security.py::TestRateLimiting::test_registration_rate_limiting PASSED [ 63%]
tests/test_security.py::TestRateLimiting::test_login_rate_limiting PASSED [ 63%]
tests/test_security.py::TestDataSecurity::test_password_hashing PASSED   [ 64%]
tests/test_security.py::TestDataSecurity::test_sensitive_data_exposure PASSED [ 65%]
tests/test_security_comprehensive.py::TestInjectionPrevention::test_sql_injection_attempts PASSED [ 65%]
tests/test_security_comprehensive.py::TestInjectionPrevention::test_xss_vulnerability_testing PASSED [ 66%]
tests/test_security_comprehensive.py::TestInjectionPrevention::test_command_injection_prevention PASSED [ 66%]
tests/test_security_comprehensive.py::TestAuthenticationSecurity::test_token_tampering_detection PASSED [ 67%]
tests/test_security_comprehensive.py::TestAuthenticationSecurity::test_role_escalation_attempts PASSED [ 68%]
tests/test_security_comprehensive.py::TestAuthenticationSecurity::test_session_hijacking_prevention PASSED [ 68%]
tests/test_security_comprehensive.py::TestAuthenticationSecurity::test_api_key_security PASSED [ 69%]
tests/test_security_comprehensive.py::TestInputValidationSecurity::test_length_validation PASSED [ 69%]
tests/test_security_comprehensive.py::TestInputValidationSecurity::test_special_character_handling PASSED [ 70%]
tests/test_security_comprehensive.py::TestInputValidationSecurity::test_unicode_handling PASSED [ 71%]
tests/test_security_comprehensive.py::TestAPISecurity::test_cors_security PASSED [ 71%]
tests/test_security_comprehensive.py::TestAPISecurity::test_content_type_validation PASSED [ 72%]
tests/test_security_comprehensive.py::TestAPISecurity::test_rate_limiting PASSED [ 72%]
tests/test_security_comprehensive.py::TestAPISecurity::test_password_hashing PASSED [ 73%]
tests/test_security_comprehensive.py::TestAPISecurity::test_sensitive_data_exposure PASSED [ 74%]
tests/test_security_comprehensive.py::TestErrorHandlingSecurity::test_error_message_security PASSED [ 74%]
tests/test_security_comprehensive.py::TestErrorHandlingSecurity::test_stack_trace_exposure PASSED [ 75%]
tests/test_sessions.py::TestSessionManagement::test_session_checkin_success PASSED [ 75%]
tests/test_sessions.py::TestSessionManagement::test_session_checkin_invalid_vehicle PASSED [ 76%]
tests/test_sessions.py::TestSessionManagement::test_session_checkin_invalid_parking_lot PASSED [ 77%]
tests/test_sessions.py::TestSessionManagement::test_session_checkin_duplicate_active_session PASSED [ 77%]
tests/test_sessions.py::TestSessionManagement::test_session_checkout_success PASSED [ 78%]
tests/test_sessions.py::TestSessionManagement::test_session_checkout_invalid_ticket PASSED [ 78%]
tests/test_sessions.py::TestSessionManagement::test_get_active_sessions_empty PASSED [ 79%]
tests/test_sessions.py::TestSessionManagement::test_get_active_sessions_with_data PASSED [ 80%]
tests/test_sessions.py::TestSessionManagement::test_get_session_history_empty PASSED [ 80%]
tests/test_sessions.py::TestSessionManagement::test_get_session_history_with_pagination PASSED [ 81%]
tests/test_sessions.py::TestSessionManagement::test_get_session_details_success PASSED [ 81%]
tests/test_sessions.py::TestSessionManagement::test_get_session_details_not_found PASSED [ 82%]
tests/test_sessions.py::TestSessionManagement::test_session_validation_errors PASSED [ 83%]
tests/test_sessions.py::TestSessionManagement::test_unauthorized_access PASSED [ 83%]
tests/test_sessions.py::TestSessionManagement::test_complete_session_workflow PASSED [ 84%]
tests/test_sessions.py::TestSessionManagement::test_parking_lot_full_scenario PASSED [ 84%]
tests/test_sessions.py::TestSessionManagement::test_session_checkout_already_completed PASSED [ 85%]
tests/test_sessions.py::TestSessionManagement::test_session_checkout_with_invalid_payment_method PASSED [ 86%]
tests/test_sessions.py::TestSessionManagement::test_concurrent_session_conflict_prevention PASSED [ 86%]
tests/test_sessions.py::TestSessionManagement::test_session_data_integrity_slot_allocation PASSED [ 87%]
tests/test_sessions.py::TestSessionManagement::test_session_cost_calculation_accuracy PASSED [ 87%]
tests/test_sessions.py::TestSessionManagement::test_session_history_pagination_and_filtering PASSED [ 88%]
tests/test_sessions.py::TestSessionManagement::test_session_real_time_tracking_accuracy PASSED [ 89%]
tests/test_sessions.py::TestSessionManagement::test_session_edge_cases_and_boundary_conditions PASSED [ 89%]
tests/test_sessions.py::TestSessionManagement::test_session_unauthorized_access_scenarios PASSED [ 90%]
tests/test_sessions.py::TestSessionManagement::test_session_cross_user_access_prevention PASSED [ 90%]
tests/test_vehicles.py::TestVehicleManagement::test_get_empty_vehicles_list PASSED [ 91%]
tests/test_vehicles.py::TestVehicleManagement::test_create_vehicle_success PASSED [ 92%]
tests/test_vehicles.py::TestVehicleManagement::test_create_vehicle_minimal_data PASSED [ 92%]
tests/test_vehicles.py::TestVehicleManagement::test_create_vehicle_duplicate_registration PASSED [ 93%]
tests/test_vehicles.py::TestVehicleManagement::test_create_vehicle_validation_errors PASSED [ 93%]
tests/test_vehicles.py::TestVehicleManagement::test_create_vehicle_invalid_year PASSED [ 94%]
tests/test_vehicles.py::TestVehicleManagement::test_get_vehicles_after_creation PASSED [ 95%]
tests/test_vehicles.py::TestVehicleManagement::test_update_vehicle_success PASSED [ 95%]
tests/test_vehicles.py::TestVehicleManagement::test_update_nonexistent_vehicle PASSED [ 96%]
tests/test_vehicles.py::TestVehicleManagement::test_delete_vehicle_success PASSED [ 96%]
tests/test_vehicles.py::TestVehicleManagement::test_delete_nonexistent_vehicle PASSED [ 97%]
tests/test_vehicles.py::TestVehicleManagement::test_unauthorized_access PASSED [ 98%]
tests/test_vehicles.py::TestVehicleManagement::test_registration_number_normalization PASSED [ 98%]
tests/test_vehicles.py::TestVehicleManagement::test_vehicle_type_validation PASSED [ 99%]
tests/test_vehicles.py::TestVehicleManagement::test_empty_request_body PASSED [100%]

======================= 166 passed in 162.60s (0:02:42) ========================
